<?xml version="1.0" encoding="UTF-8"?>
<!-- Generated by org.testng.reporters.JUnitXMLReporter -->
<testsuite ignored="2" hostname="DESKTOP-UTHRQJA" failures="0" tests="1" name="RegressionTest" time="15.304" errors="0" timestamp="2026-02-12T20:29:01 IST">
  <testcase classname="campaign.CampaignTest1" name="toCreateCampaigntest" time="3.497"/>
  <testcase classname="campaign.CampaignTest1" name="toCreateWithStatusTest" time="0.0">
    <ignored/>
  </testcase> <!-- toCreateWithStatusTest -->
  <testcase classname="campaign.CampaignTest1" name="toCreateCampaignExpectedClosingDateTest" time="0.0">
    <ignored/>
  </testcase> <!-- toCreateCampaignExpectedClosingDateTest -->
</testsuite> <!-- RegressionTest -->
