<?xml version="1.0" encoding="UTF-8"?>
<!-- Generated by org.testng.reporters.JUnitReportReporter -->
<testsuite hostname="DESKTOP-UTHRQJA" failures="0" tests="3" name="testng.Invocation_attribute" time="16.684" errors="0" timestamp="2026-02-09T19:30:31 IST" skipped="0">
  <testcase classname="testng.Invocation_attribute" name="login" time="3.680"/>
  <testcase classname="testng.Invocation_attribute" name="login" time="4.376"/>
  <testcase classname="testng.Invocation_attribute" name="login" time="8.628"/>
</testsuite> <!-- testng.Invocation_attribute -->
