<?xml version="1.0" encoding="UTF-8"?>
<!-- Generated by org.testng.reporters.JUnitReportReporter -->
<testsuite hostname="DESKTOP-UTHRQJA" failures="0" tests="3" name="testng.DependOnMethod_Attribute" time="0.031" errors="0" timestamp="2026-02-09T20:03:07 IST" skipped="0">
  <testcase classname="testng.DependOnMethod_Attribute" name="createAcc" time="0.019">
    <system-out>
      <![CDATA[created succesfully]]>
    </system-out>
  </testcase> <!-- createAcc -->
  <testcase classname="testng.DependOnMethod_Attribute" name="editAcc" time="0.005">
    <system-out>
      <![CDATA[edited succesfully]]>
    </system-out>
  </testcase> <!-- editAcc -->
  <testcase classname="testng.DependOnMethod_Attribute" name="deleteAcc" time="0.007">
    <system-out>
      <![CDATA[deleted succesfully]]>
    </system-out>
  </testcase> <!-- deleteAcc -->
  <system-out>
    <![CDATA[created succesfully
edited succesfully
deleted succesfully]]>
  </system-out>
</testsuite> <!-- testng.DependOnMethod_Attribute -->
