<?xml version="1.0" encoding="UTF-8"?>
<!-- Generated by org.testng.reporters.JUnitReportReporter -->
<testsuite hostname="DESKTOP-UTHRQJA" failures="0" tests="3" name="testng.Practic_1" time="0.043" errors="0" timestamp="2026-02-05T20:24:24 IST" skipped="0">
  <testcase classname="testng.Practic_1" name="criz" time="0.004">
    <system-out>
      <![CDATA[crizbuzz]]>
    </system-out>
  </testcase> <!-- criz -->
  <testcase classname="testng.Practic_1" name="bas" time="0.003">
    <system-out>
      <![CDATA[baskinob]]>
    </system-out>
  </testcase> <!-- bas -->
  <testcase classname="testng.Practic_1" name="ama" time="0.036">
    <system-out>
      <![CDATA[amazon]]>
    </system-out>
  </testcase> <!-- ama -->
  <system-out>
    <![CDATA[amazon
baskinob
crizbuzz]]>
  </system-out>
</testsuite> <!-- testng.Practic_1 -->
