<?xml version="1.0" encoding="UTF-8"?>
<!-- Generated by org.testng.reporters.JUnitReportReporter -->
<testsuite hostname="DESKTOP-UTHRQJA" failures="0" tests="6" name="testng.ThreadpoolSize_Attribute" time="44.301" errors="0" timestamp="2026-02-09T19:39:33 IST" skipped="0">
  <testcase classname="testng.ThreadpoolSize_Attribute" name="login" time="8.259"/>
  <testcase classname="testng.ThreadpoolSize_Attribute" name="login" time="7.045"/>
  <testcase classname="testng.ThreadpoolSize_Attribute" name="login" time="6.973"/>
  <testcase classname="testng.ThreadpoolSize_Attribute" name="login" time="6.931"/>
  <testcase classname="testng.ThreadpoolSize_Attribute" name="login" time="6.900"/>
  <testcase classname="testng.ThreadpoolSize_Attribute" name="login" time="8.193"/>
</testsuite> <!-- testng.ThreadpoolSize_Attribute -->
