<?xml version="1.0" encoding="UTF-8"?>
<!-- Generated by org.testng.reporters.JUnitReportReporter -->
<testsuite hostname="DESKTOP-UTHRQJA" failures="0" tests="3" name="campaign.CampaignTest" time="25.320" errors="0" timestamp="2026-02-20T18:36:34 IST" skipped="0">
  <testcase classname="campaign.CampaignTest" name="toCreateCampaignExpectedClosingDateTest" time="16.507"/>
  <testcase classname="campaign.CampaignTest" name="toCreateCampaigntest" time="4.758"/>
  <testcase classname="campaign.CampaignTest" name="toCreateWithStatusTest" time="4.055"/>
  <system-out>
    <![CDATA[db open
login
login
login
close browser
db close]]>
  </system-out>
</testsuite> <!-- campaign.CampaignTest -->
