<?xml version="1.0" encoding="UTF-8"?>
<!-- Generated by org.testng.reporters.JUnitReportReporter -->
<testsuite hostname="DESKTOP-UTHRQJA" failures="0" tests="4" name="testng.Testng_practice" time="0.036" errors="0" timestamp="2026-02-05T19:54:30 IST" skipped="0">
  <testcase classname="testng.Testng_practice" name="div" time="0.003">
    <system-out>
      <![CDATA[div]]>
    </system-out>
  </testcase> <!-- div -->
  <testcase classname="testng.Testng_practice" name="sub" time="0.005">
    <system-out>
      <![CDATA[sub]]>
    </system-out>
  </testcase> <!-- sub -->
  <testcase classname="testng.Testng_practice" name="mul" time="0.007">
    <system-out>
      <![CDATA[mul]]>
    </system-out>
  </testcase> <!-- mul -->
  <testcase classname="testng.Testng_practice" name="add" time="0.021">
    <system-out>
      <![CDATA[add]]>
    </system-out>
  </testcase> <!-- add -->
  <system-out>
    <![CDATA[add
div
mul
sub]]>
  </system-out>
</testsuite> <!-- testng.Testng_practice -->
