<?xml version="1.0" encoding="UTF-8"?>
<!-- Generated by org.testng.reporters.JUnitReportReporter -->
<testsuite hostname="DESKTOP-UTHRQJA" failures="0" tests="1" name="product.CreateProduct" time="18.448" errors="0" timestamp="2026-02-12T19:26:56 IST" skipped="0">
  <testcase classname="product.CreateProduct" name="toCreateProductTest" time="18.448">
    <system-out>
      <![CDATA[Product is created]]>
    </system-out>
  </testcase> <!-- toCreateProductTest -->
  <system-out>
    <![CDATA[db open
login
logout
login
logout
login
logout
close browser
login
Product is created
logout
close browser
db close]]>
  </system-out>
</testsuite> <!-- product.CreateProduct -->
