<?xml version="1.0" encoding="UTF-8"?>
<!-- Generated by org.testng.reporters.JUnitReportReporter -->
<testsuite hostname="DESKTOP-UTHRQJA" failures="0" tests="1" name="testng.Practice_1" time="0.026" errors="0" timestamp="2026-02-05T20:02:35 IST" skipped="0">
  <testcase classname="testng.Practice_1" name="cris" time="0.026">
    <system-out>
      <![CDATA[crisbuzz]]>
    </system-out>
  </testcase> <!-- cris -->
  <system-out>
    <![CDATA[crisbuzz]]>
  </system-out>
</testsuite> <!-- testng.Practice_1 -->
