<?xml version="1.0" encoding="UTF-8"?>
<!-- Generated by org.testng.reporters.JUnitReportReporter -->
<testsuite hostname="DESKTOP-UTHRQJA" failures="0" tests="5" name="testng.Enable_attribute" time="0.046" errors="0" timestamp="2026-02-09T19:47:06 IST" skipped="0">
  <testcase classname="testng.Enable_attribute" name="sub" time="0.023">
    <system-out>
      <![CDATA[sub]]>
    </system-out>
  </testcase> <!-- sub -->
  <testcase classname="testng.Enable_attribute" name="mul" time="0.004">
    <system-out>
      <![CDATA[mul]]>
    </system-out>
  </testcase> <!-- mul -->
  <testcase classname="testng.Enable_attribute" name="add" time="0.003">
    <system-out>
      <![CDATA[add]]>
    </system-out>
  </testcase> <!-- add -->
  <testcase classname="testng.Enable_attribute" name="div" time="0.006">
    <system-out>
      <![CDATA[div]]>
    </system-out>
  </testcase> <!-- div -->
  <testcase classname="testng.Enable_attribute" name="mod" time="0.010">
    <system-out>
      <![CDATA[modulus]]>
    </system-out>
  </testcase> <!-- mod -->
  <system-out>
    <![CDATA[sub
add
mul
div
modulus]]>
  </system-out>
</testsuite> <!-- testng.Enable_attribute -->
