<?xml version="1.0" encoding="UTF-8"?>
<!-- Generated by org.testng.reporters.JUnitReportReporter -->
<testsuite hostname="DESKTOP-UTHRQJA" failures="0" tests="5" name="testng.Priority_attributes" time="0.064" errors="0" timestamp="2026-02-09T19:17:49 IST" skipped="0">
  <testcase classname="testng.Priority_attributes" name="add" time="0.029">
    <system-out>
      <![CDATA[add]]>
    </system-out>
  </testcase> <!-- add -->
  <testcase classname="testng.Priority_attributes" name="sub" time="0.005">
    <system-out>
      <![CDATA[sub]]>
    </system-out>
  </testcase> <!-- sub -->
  <testcase classname="testng.Priority_attributes" name="mul" time="0.016">
    <system-out>
      <![CDATA[mul]]>
    </system-out>
  </testcase> <!-- mul -->
  <testcase classname="testng.Priority_attributes" name="div" time="0.007">
    <system-out>
      <![CDATA[div]]>
    </system-out>
  </testcase> <!-- div -->
  <testcase classname="testng.Priority_attributes" name="mod" time="0.007">
    <system-out>
      <![CDATA[modulus]]>
    </system-out>
  </testcase> <!-- mod -->
  <system-out>
    <![CDATA[add
sub
mul
div
modulus]]>
  </system-out>
</testsuite> <!-- testng.Priority_attributes -->
