<?xml version="1.0" encoding="UTF-8"?>
<!-- Generated by org.testng.reporters.JUnitReportReporter -->
<testsuite hostname="DESKTOP-UTHRQJA" failures="0" tests="3" name="testng.DataProvider_2DArray" time="0.030" errors="0" timestamp="2026-02-10T20:38:30 IST" skipped="0">
  <testcase classname="testng.DataProvider_2DArray" name="login" time="0.004"/>
  <testcase classname="testng.DataProvider_2DArray" name="login" time="0.020"/>
  <testcase classname="testng.DataProvider_2DArray" name="login" time="0.006"/>
</testsuite> <!-- testng.DataProvider_2DArray -->
